<?xml version="1.0" encoding="UTF-8"?>
<!-- Generated by org.testng.reporters.JUnitReportReporter -->
<testsuite hostname="FEV-PC" failures="0" tests="5" name="com.selenium.Test.TestWiki1" time="43.519" errors="0" timestamp="2023-06-13T17:16:47 ART" skipped="0">
  <testcase classname="com.selenium.Test.TestWiki1" name="BusquedaConDiferentesIdiomas" time="7.967"/>
  <system-out>
    <![CDATA[Localizar y comprobar que la caja de búsqueda se muestre
Recorrer lista de Idiomas de la Caja de Búsqueda
Seleccionamos el idioma: Español de la Caja de Búsqueda
Ingresar la palabra Selenium
Presionar Enter
Validar que el ingreso de la búsqueda sea: Selenium
Validar que el título a obtener sea: Selenium
Localizar y comprobar que el titulo disponible sea: Selenium]]>
  </system-out>
  <testcase classname="com.selenium.Test.TestWiki1" name="BusquedaConDiferentesIdiomas" time="8.441"/>
  <system-out>
    <![CDATA[Localizar y comprobar que la caja de búsqueda se muestre
Recorrer lista de Idiomas de la Caja de Búsqueda
Seleccionamos el idioma: Afrikaans de la Caja de Búsqueda
Ingresar la palabra Selenium
Presionar Enter
Validar que el ingreso de la búsqueda sea: Selenium
Validar que el título a obtener sea: Seleen
Localizar y comprobar que el titulo disponible sea: Seleen]]>
  </system-out>
  <testcase classname="com.selenium.Test.TestWiki1" name="BusquedaConDiferentesIdiomas" time="10.540"/>
  <system-out>
    <![CDATA[Localizar y comprobar que la caja de búsqueda se muestre
Recorrer lista de Idiomas de la Caja de Búsqueda
Seleccionamos el idioma: Português' de la Caja de Búsqueda
Ingresar la palabra Selenium
Presionar Enter
Validar que el ingreso de la búsqueda sea: Selenium
Validar que el título a obtener sea: Selênio
Localizar y comprobar que el titulo disponible sea: Selênio]]>
  </system-out>
  <testcase classname="com.selenium.Test.TestWiki1" name="BusquedaConDiferentesIdiomas" time="7.899"/>
  <system-out>
    <![CDATA[Localizar y comprobar que la caja de búsqueda se muestre
Recorrer lista de Idiomas de la Caja de Búsqueda
Seleccionamos el idioma: Deutsch de la Caja de Búsqueda
Ingresar la palabra Selenium
Presionar Enter
Validar que el ingreso de la búsqueda sea: Selenium
Validar que el título a obtener sea: Selenium
Localizar y comprobar que el titulo disponible sea: Selenium]]>
  </system-out>
  <testcase classname="com.selenium.Test.TestWiki1" name="BusquedaConDiferentesIdiomas" time="8.672"/>
  <system-out>
    <![CDATA[Localizar y comprobar que la caja de búsqueda se muestre
Recorrer lista de Idiomas de la Caja de Búsqueda
Seleccionamos el idioma: English de la Caja de Búsqueda
Ingresar la palabra Selenium
Presionar Enter
Validar que el ingreso de la búsqueda sea: Selenium
Validar que el título a obtener sea: Selenium
Localizar y comprobar que el titulo disponible sea: Selenium]]>
  </system-out>
</testsuite> <!-- com.selenium.Test.TestWiki1 -->
