<?xml version="1.0" encoding="UTF-8"?>
<!-- Generated by org.testng.reporters.JUnitReportReporter -->
<testsuite hostname="FEV-PC" failures="1" tests="5" name="com.selenium.Test.TestCaseWiki" time="47.408" errors="0" timestamp="2023-06-13T17:28:23 ART" skipped="0">
  <testcase classname="com.selenium.Test.TestCaseWiki" name="BusquedaConDiferentesIdiomas" time="9.370"/>
  <system-out>
    <![CDATA[Localizar y comprobar que la Caja de Búsqueda se muestre
Recorrer lista de Idiomas de la Caja de Búsqueda
Seleccionamos el idioma: English, de la Caja de Búsqueda
Ingresar la palabra Selenium
Presionar Enter
Validar que el ingreso de la búsqueda sea: Selenium
Validar que el título a obtener sea: Selenium
Verificar que el titulo obtenido sea: Selenium]]>
  </system-out>
  <testcase classname="com.selenium.Test.TestCaseWiki" name="BusquedaConDiferentesIdiomas" time="8.010"/>
  <system-out>
    <![CDATA[Localizar y comprobar que la Caja de Búsqueda se muestre
Recorrer lista de Idiomas de la Caja de Búsqueda
Seleccionamos el idioma: Afrikaans, de la Caja de Búsqueda
Ingresar la palabra Selenium
Presionar Enter
Validar que el ingreso de la búsqueda sea: Selenium
Validar que el título a obtener sea: Seleen
Verificar que el titulo obtenido sea: Seleen]]>
  </system-out>
  <testcase classname="com.selenium.Test.TestCaseWiki" name="BusquedaConDiferentesIdiomas" time="13.060">
    <failure message=" el valor Slenium no se encontró en el título expected [true] but found [false]" type="java.lang.AssertionError">
      <![CDATA[java.lang.AssertionError:  el valor Slenium no se encontró en el título expected [true] but found [false]
at org.testng.Assert.fail(Assert.java:99)
at org.testng.Assert.failNotEquals(Assert.java:1037)
at org.testng.Assert.assertTrue(Assert.java:45)
at com.selenium.Test.TestCaseWiki.BusquedaConDiferentesIdiomas(TestCaseWiki.java:72)
at java.base/jdk.internal.reflect.NativeMethodAccessorImpl.invoke0(Native Method)
at java.base/jdk.internal.reflect.NativeMethodAccessorImpl.invoke(NativeMethodAccessorImpl.java:77)
at java.base/jdk.internal.reflect.DelegatingMethodAccessorImpl.invoke(DelegatingMethodAccessorImpl.java:43)
at java.base/java.lang.reflect.Method.invoke(Method.java:568)
at org.testng.internal.MethodInvocationHelper.invokeMethod(MethodInvocationHelper.java:133)
at org.testng.internal.TestInvoker.invokeMethod(TestInvoker.java:598)
at org.testng.internal.TestInvoker.invokeTestMethod(TestInvoker.java:173)
at org.testng.internal.MethodRunner.runInSequence(MethodRunner.java:46)
at org.testng.internal.TestInvoker$MethodInvocationAgent.invoke(TestInvoker.java:824)
at org.testng.internal.TestInvoker.invokeTestMethods(TestInvoker.java:146)
at org.testng.internal.TestMethodWorker.invokeTestMethods(TestMethodWorker.java:146)
at org.testng.internal.TestMethodWorker.run(TestMethodWorker.java:128)
at java.base/java.util.ArrayList.forEach(ArrayList.java:1511)
at org.testng.TestRunner.privateRun(TestRunner.java:794)
at org.testng.TestRunner.run(TestRunner.java:596)
at org.testng.SuiteRunner.runTest(SuiteRunner.java:377)
at org.testng.SuiteRunner.runSequentially(SuiteRunner.java:371)
at org.testng.SuiteRunner.privateRun(SuiteRunner.java:332)
at org.testng.SuiteRunner.run(SuiteRunner.java:276)
at org.testng.SuiteRunnerWorker.runSuite(SuiteRunnerWorker.java:53)
at org.testng.SuiteRunnerWorker.run(SuiteRunnerWorker.java:96)
at org.testng.TestNG.runSuitesSequentially(TestNG.java:1212)
at org.testng.TestNG.runSuitesLocally(TestNG.java:1134)
at org.testng.TestNG.runSuites(TestNG.java:1063)
at org.testng.TestNG.run(TestNG.java:1031)
at org.testng.remote.AbstractRemoteTestNG.run(AbstractRemoteTestNG.java:115)
at org.testng.remote.RemoteTestNG.initAndRun(RemoteTestNG.java:251)
at org.testng.remote.RemoteTestNG.main(RemoteTestNG.java:77)
]]>
    </failure>
  </testcase> <!-- BusquedaConDiferentesIdiomas -->
  <system-out>
    <![CDATA[Localizar y comprobar que la Caja de Búsqueda se muestre
Recorrer lista de Idiomas de la Caja de Búsqueda
Seleccionamos el idioma: Español, de la Caja de Búsqueda
Ingresar la palabra Selenium
Presionar Enter
Validar que el ingreso de la búsqueda sea: Selenium
Validar que el título a obtener sea: Slenium
Verificar que el titulo obtenido sea: Selenium]]>
  </system-out>
  <testcase classname="com.selenium.Test.TestCaseWiki" name="BusquedaConDiferentesIdiomas" time="8.581"/>
  <system-out>
    <![CDATA[Localizar y comprobar que la Caja de Búsqueda se muestre
Recorrer lista de Idiomas de la Caja de Búsqueda
Seleccionamos el idioma: Deutsch, de la Caja de Búsqueda
Ingresar la palabra Selenium
Presionar Enter
Validar que el ingreso de la búsqueda sea: Selenium
Validar que el título a obtener sea: Selenium
Verificar que el titulo obtenido sea: Selenium]]>
  </system-out>
  <testcase classname="com.selenium.Test.TestCaseWiki" name="BusquedaConDiferentesIdiomas" time="8.387"/>
  <system-out>
    <![CDATA[Localizar y comprobar que la Caja de Búsqueda se muestre
Recorrer lista de Idiomas de la Caja de Búsqueda
Seleccionamos el idioma: Português', de la Caja de Búsqueda
Ingresar la palabra Selenium
Presionar Enter
Validar que el ingreso de la búsqueda sea: Selenium
Validar que el título a obtener sea: Selênio
Verificar que el titulo obtenido sea: Selênio]]>
  </system-out>
</testsuite> <!-- com.selenium.Test.TestCaseWiki -->
